<?xml version="1.0" encoding="UTF-8"?>
<!-- Generated by org.testng.reporters.JUnitReportReporter -->
<testsuite hostname="DESKTOP-F8DGD6V" failures="0" tests="1" name="org.example.testing.AppTest" time="0.009" errors="0" timestamp="02 мая 2023 13:50:35 GMT" skipped="0">
  <testcase classname="org.example.testing.AppTest" name="test" time="0.009"/>
</testsuite> <!-- org.example.testing.AppTest -->
